2021-02-06T16:00:03+00:00 CRITICAL Uncaught Error: Unknown named parameter $tasks_meta_id in C:\xampp\htdocs\ropa\wp-includes\class-wp-hook.php:287
Stack trace:
#0 C:\xampp\htdocs\ropa\wp-includes\class-wp-hook.php(311): WP_Hook->apply_filters('', Array)
#1 C:\xampp\htdocs\ropa\wp-includes\plugin.php(551): WP_Hook->do_action(Array)
#2 C:\xampp\htdocs\ropa\wp-content\plugins\woocommerce\packages\action-scheduler\classes\actions\ActionScheduler_Action.php(22): do_action_ref_array('wpforms_process...', Array)
#3 C:\xampp\htdocs\ropa\wp-content\plugins\woocommerce\packages\action-scheduler\classes\abstracts\ActionScheduler_Abstract_QueueRunner.php(65): ActionScheduler_Action->execute()
#4 C:\xampp\htdocs\ropa\wp-content\plugins\woocommerce\packages\action-scheduler\classes\ActionScheduler_QueueRunner.php(162): ActionScheduler_Abstract_QueueRunner->process_action(8, 'WP Cron')
#5 C:\xampp\htdocs\ropa\wp-content\plugins\woocommerce\packages\action-scheduler\classes\ActionScheduler_QueueRunner.php(132): ActionScheduler_QueueRunner->do_batch(25, 'WP Cron')
#6 C:\xampp\htdocs\ropa\wp-includes\class-wp-hook.php(287): ActionScheduler_QueueRunner->run('WP Cron')
#7 C:\xampp\htdocs\ropa\wp-includes\class-wp-hook.php(311): WP_Hook->apply_filters('', Array)
#8 C:\xampp\htdocs\ropa\wp-includes\plugin.php(551): WP_Hook->do_action(Array)
#9 C:\xampp\htdocs\ropa\wp-cron.php(138): do_action_ref_array('action_schedule...', Array)
#10 {main}
  thrown in C:\xampp\htdocs\ropa\wp-includes\class-wp-hook.php on line 287

2021-02-06T16:35:10+00:00 CRITICAL Uncaught TypeError: Elementor\Elements_Manager::create_element_instance(): Argument #1 ($element_data) must be of type array, string given, called in C:\xampp\htdocs\ropa\wp-content\plugins\elementor\core\base\document.php on line 810 and defined in C:\xampp\htdocs\ropa\wp-content\plugins\elementor\includes\managers\elements.php:68
Stack trace:
#0 C:\xampp\htdocs\ropa\wp-content\plugins\elementor\core\base\document.php(810): Elementor\Elements_Manager->create_element_instance('Array')
#1 C:\xampp\htdocs\ropa\wp-content\plugins\astra-sites\inc\importers\batch-processing\class-astra-sites-batch-processing-elementor.php(121): Elementor\Core\Base\Document->get_elements_raw_data(Array, true)
#2 C:\xampp\htdocs\ropa\wp-content\plugins\astra-sites\inc\importers\batch-processing\class-astra-sites-batch-processing-elementor.php(66): Elementor\TemplateLibrary\Astra_Sites_Batch_Processing_Elementor->import_single_post(16)
#3 C:\xampp\htdocs\ropa\wp-content\plugins\astra-sites\inc\importers\batch-processing\helpers\class-wp-background-process-astra.php(41): Elementor\TemplateLibrary\Astra_Sites_Batch_Processing_Elementor->import()
#4 C:\xampp\htdocs\ropa\wp-content\plugins\simply-static\includes\libraries\wp-background-processing\classes\wp-background-process.php(303): WP_Background_Process_Astra->task(Object(Elementor\TemplateLibrary\Astra_Sites_Batch_Processing_Elementor))
#5 C:\xampp\htdocs\ropa\wp-content\plugins\simply-static\includes\libraries\wp-background-processing\classes\wp-background-process.php(449): WP_Background_Process->handle()
#6 C:\xampp\htdocs\ropa\wp-includes\class-wp-hook.php(287): WP_Background_Process->handle_cron_healthcheck()
#7 C:\xampp\htdocs\ropa\wp-includes\class-wp-hook.php(311): WP_Hook->apply_filters('', Array)
#8 C:\xampp\htdocs\ropa\wp-includes\plugin.php(551): WP_Hook->do_action(Array)
#9 C:\xampp\htdocs\ropa\wp-cron.php(138): do_action_ref_array('wp_image_proces...', Array)
#10 {main}
  thrown in C:\xampp\htdocs\ropa\wp-content\plugins\elementor\includes\managers\elements.php on line 68

2021-02-06T16:35:48+00:00 CRITICAL Uncaught Error: Unknown named parameter $tasks_meta_id in C:\xampp\htdocs\ropa\wp-includes\class-wp-hook.php:287
Stack trace:
#0 C:\xampp\htdocs\ropa\wp-includes\class-wp-hook.php(311): WP_Hook->apply_filters('', Array)
#1 C:\xampp\htdocs\ropa\wp-includes\plugin.php(551): WP_Hook->do_action(Array)
#2 C:\xampp\htdocs\ropa\wp-content\plugins\woocommerce\packages\action-scheduler\classes\actions\ActionScheduler_Action.php(22): do_action_ref_array('wpforms_email_s...', Array)
#3 C:\xampp\htdocs\ropa\wp-content\plugins\woocommerce\packages\action-scheduler\classes\abstracts\ActionScheduler_Abstract_QueueRunner.php(65): ActionScheduler_Action->execute()
#4 C:\xampp\htdocs\ropa\wp-content\plugins\woocommerce\packages\action-scheduler\classes\ActionScheduler_QueueRunner.php(162): ActionScheduler_Abstract_QueueRunner->process_action(28, 'Async Request')
#5 C:\xampp\htdocs\ropa\wp-content\plugins\woocommerce\packages\action-scheduler\classes\ActionScheduler_QueueRunner.php(132): ActionScheduler_QueueRunner->do_batch(25, 'Async Request')
#6 C:\xampp\htdocs\ropa\wp-includes\class-wp-hook.php(287): ActionScheduler_QueueRunner->run('Async Request')
#7 C:\xampp\htdocs\ropa\wp-includes\class-wp-hook.php(311): WP_Hook->apply_filters('', Array)
#8 C:\xampp\htdocs\ropa\wp-includes\plugin.php(484): WP_Hook->do_action(Array)
#9 C:\xampp\htdocs\ropa\wp-content\plugins\woocommerce\packages\action-scheduler\classes\ActionScheduler_AsyncRequest_QueueRunner.php(52): do_action('action_schedule...', 'Async Request')
#10 C:\xampp\htdocs\ropa\wp-content\plugins\simply-static\includes\libraries\wp-background-processing\classes\wp-async-request.php(149): ActionScheduler_AsyncRequest_QueueRunner->handle()
#11 C:\xampp\htdocs\ropa\wp-includes\class-wp-hook.php(287): WP_Async_Request->maybe_handle('')
#12 C:\xampp\htdocs\ropa\wp-includes\class-wp-hook.php(311): WP_Hook->apply_filters('', Array)
#13 C:\xampp\htdocs\ropa\wp-includes\plugin.php(484): WP_Hook->do_action(Array)
#14 C:\xampp\htdocs\ropa\wp-admin\admin-ajax.php(184): do_action('wp_ajax_as_asyn...')
#15 {main}
  thrown in C:\xampp\htdocs\ropa\wp-includes\class-wp-hook.php on line 287

2021-02-06T16:35:49+00:00 CRITICAL Uncaught Error: Unknown named parameter $tasks_meta_id in C:\xampp\htdocs\ropa\wp-includes\class-wp-hook.php:287
Stack trace:
#0 C:\xampp\htdocs\ropa\wp-includes\class-wp-hook.php(311): WP_Hook->apply_filters('', Array)
#1 C:\xampp\htdocs\ropa\wp-includes\plugin.php(551): WP_Hook->do_action(Array)
#2 C:\xampp\htdocs\ropa\wp-content\plugins\woocommerce\packages\action-scheduler\classes\actions\ActionScheduler_Action.php(22): do_action_ref_array('wpforms_admin_n...', Array)
#3 C:\xampp\htdocs\ropa\wp-content\plugins\woocommerce\packages\action-scheduler\classes\abstracts\ActionScheduler_Abstract_QueueRunner.php(65): ActionScheduler_Action->execute()
#4 C:\xampp\htdocs\ropa\wp-content\plugins\woocommerce\packages\action-scheduler\classes\ActionScheduler_QueueRunner.php(162): ActionScheduler_Abstract_QueueRunner->process_action(34, 'Async Request')
#5 C:\xampp\htdocs\ropa\wp-content\plugins\woocommerce\packages\action-scheduler\classes\ActionScheduler_QueueRunner.php(132): ActionScheduler_QueueRunner->do_batch(25, 'Async Request')
#6 C:\xampp\htdocs\ropa\wp-includes\class-wp-hook.php(287): ActionScheduler_QueueRunner->run('Async Request')
#7 C:\xampp\htdocs\ropa\wp-includes\class-wp-hook.php(311): WP_Hook->apply_filters('', Array)
#8 C:\xampp\htdocs\ropa\wp-includes\plugin.php(484): WP_Hook->do_action(Array)
#9 C:\xampp\htdocs\ropa\wp-content\plugins\woocommerce\packages\action-scheduler\classes\ActionScheduler_AsyncRequest_QueueRunner.php(52): do_action('action_schedule...', 'Async Request')
#10 C:\xampp\htdocs\ropa\wp-content\plugins\simply-static\includes\libraries\wp-background-processing\classes\wp-async-request.php(149): ActionScheduler_AsyncRequest_QueueRunner->handle()
#11 C:\xampp\htdocs\ropa\wp-includes\class-wp-hook.php(287): WP_Async_Request->maybe_handle('')
#12 C:\xampp\htdocs\ropa\wp-includes\class-wp-hook.php(311): WP_Hook->apply_filters('', Array)
#13 C:\xampp\htdocs\ropa\wp-includes\plugin.php(484): WP_Hook->do_action(Array)
#14 C:\xampp\htdocs\ropa\wp-admin\admin-ajax.php(184): do_action('wp_ajax_as_asyn...')
#15 {main}
  thrown in C:\xampp\htdocs\ropa\wp-includes\class-wp-hook.php on line 287

2021-02-06T16:37:58+00:00 CRITICAL Uncaught Error: Unknown named parameter $tasks_meta_id in C:\xampp\htdocs\ropa\wp-includes\class-wp-hook.php:287
Stack trace:
#0 C:\xampp\htdocs\ropa\wp-includes\class-wp-hook.php(311): WP_Hook->apply_filters('', Array)
#1 C:\xampp\htdocs\ropa\wp-includes\plugin.php(551): WP_Hook->do_action(Array)
#2 C:\xampp\htdocs\ropa\wp-content\plugins\woocommerce\packages\action-scheduler\classes\actions\ActionScheduler_Action.php(22): do_action_ref_array('wpforms_email_s...', Array)
#3 C:\xampp\htdocs\ropa\wp-content\plugins\woocommerce\packages\action-scheduler\classes\abstracts\ActionScheduler_Abstract_QueueRunner.php(65): ActionScheduler_Action->execute()
#4 C:\xampp\htdocs\ropa\wp-content\plugins\woocommerce\packages\action-scheduler\classes\ActionScheduler_QueueRunner.php(162): ActionScheduler_Abstract_QueueRunner->process_action(35, 'Async Request')
#5 C:\xampp\htdocs\ropa\wp-content\plugins\woocommerce\packages\action-scheduler\classes\ActionScheduler_QueueRunner.php(132): ActionScheduler_QueueRunner->do_batch(25, 'Async Request')
#6 C:\xampp\htdocs\ropa\wp-includes\class-wp-hook.php(287): ActionScheduler_QueueRunner->run('Async Request')
#7 C:\xampp\htdocs\ropa\wp-includes\class-wp-hook.php(311): WP_Hook->apply_filters('', Array)
#8 C:\xampp\htdocs\ropa\wp-includes\plugin.php(484): WP_Hook->do_action(Array)
#9 C:\xampp\htdocs\ropa\wp-content\plugins\woocommerce\packages\action-scheduler\classes\ActionScheduler_AsyncRequest_QueueRunner.php(52): do_action('action_schedule...', 'Async Request')
#10 C:\xampp\htdocs\ropa\wp-content\plugins\simply-static\includes\libraries\wp-background-processing\classes\wp-async-request.php(149): ActionScheduler_AsyncRequest_QueueRunner->handle()
#11 C:\xampp\htdocs\ropa\wp-includes\class-wp-hook.php(287): WP_Async_Request->maybe_handle('')
#12 C:\xampp\htdocs\ropa\wp-includes\class-wp-hook.php(311): WP_Hook->apply_filters('', Array)
#13 C:\xampp\htdocs\ropa\wp-includes\plugin.php(484): WP_Hook->do_action(Array)
#14 C:\xampp\htdocs\ropa\wp-admin\admin-ajax.php(184): do_action('wp_ajax_as_asyn...')
#15 {main}
  thrown in C:\xampp\htdocs\ropa\wp-includes\class-wp-hook.php on line 287

2021-02-06T16:38:03+00:00 CRITICAL Uncaught Error: Unknown named parameter $tasks_meta_id in C:\xampp\htdocs\ropa\wp-includes\class-wp-hook.php:287
Stack trace:
#0 C:\xampp\htdocs\ropa\wp-includes\class-wp-hook.php(311): WP_Hook->apply_filters('', Array)
#1 C:\xampp\htdocs\ropa\wp-includes\plugin.php(551): WP_Hook->do_action(Array)
#2 C:\xampp\htdocs\ropa\wp-content\plugins\woocommerce\packages\action-scheduler\classes\actions\ActionScheduler_Action.php(22): do_action_ref_array('wpforms_email_s...', Array)
#3 C:\xampp\htdocs\ropa\wp-content\plugins\woocommerce\packages\action-scheduler\classes\abstracts\ActionScheduler_Abstract_QueueRunner.php(65): ActionScheduler_Action->execute()
#4 C:\xampp\htdocs\ropa\wp-content\plugins\woocommerce\packages\action-scheduler\classes\ActionScheduler_QueueRunner.php(162): ActionScheduler_Abstract_QueueRunner->process_action(36, 'WP Cron')
#5 C:\xampp\htdocs\ropa\wp-content\plugins\woocommerce\packages\action-scheduler\classes\ActionScheduler_QueueRunner.php(132): ActionScheduler_QueueRunner->do_batch(25, 'WP Cron')
#6 C:\xampp\htdocs\ropa\wp-includes\class-wp-hook.php(287): ActionScheduler_QueueRunner->run('WP Cron')
#7 C:\xampp\htdocs\ropa\wp-includes\class-wp-hook.php(311): WP_Hook->apply_filters('', Array)
#8 C:\xampp\htdocs\ropa\wp-includes\plugin.php(551): WP_Hook->do_action(Array)
#9 C:\xampp\htdocs\ropa\wp-cron.php(138): do_action_ref_array('action_schedule...', Array)
#10 {main}
  thrown in C:\xampp\htdocs\ropa\wp-includes\class-wp-hook.php on line 287

2021-02-06T16:39:59+00:00 CRITICAL Uncaught Error: Unknown named parameter $tasks_meta_id in C:\xampp\htdocs\ropa\wp-includes\class-wp-hook.php:287
Stack trace:
#0 C:\xampp\htdocs\ropa\wp-includes\class-wp-hook.php(311): WP_Hook->apply_filters('', Array)
#1 C:\xampp\htdocs\ropa\wp-includes\plugin.php(551): WP_Hook->do_action(Array)
#2 C:\xampp\htdocs\ropa\wp-content\plugins\woocommerce\packages\action-scheduler\classes\actions\ActionScheduler_Action.php(22): do_action_ref_array('wpforms_email_s...', Array)
#3 C:\xampp\htdocs\ropa\wp-content\plugins\woocommerce\packages\action-scheduler\classes\abstracts\ActionScheduler_Abstract_QueueRunner.php(65): ActionScheduler_Action->execute()
#4 C:\xampp\htdocs\ropa\wp-content\plugins\woocommerce\packages\action-scheduler\classes\ActionScheduler_QueueRunner.php(162): ActionScheduler_Abstract_QueueRunner->process_action(37, 'Async Request')
#5 C:\xampp\htdocs\ropa\wp-content\plugins\woocommerce\packages\action-scheduler\classes\ActionScheduler_QueueRunner.php(132): ActionScheduler_QueueRunner->do_batch(25, 'Async Request')
#6 C:\xampp\htdocs\ropa\wp-includes\class-wp-hook.php(287): ActionScheduler_QueueRunner->run('Async Request')
#7 C:\xampp\htdocs\ropa\wp-includes\class-wp-hook.php(311): WP_Hook->apply_filters('', Array)
#8 C:\xampp\htdocs\ropa\wp-includes\plugin.php(484): WP_Hook->do_action(Array)
#9 C:\xampp\htdocs\ropa\wp-content\plugins\woocommerce\packages\action-scheduler\classes\ActionScheduler_AsyncRequest_QueueRunner.php(52): do_action('action_schedule...', 'Async Request')
#10 C:\xampp\htdocs\ropa\wp-content\plugins\simply-static\includes\libraries\wp-background-processing\classes\wp-async-request.php(149): ActionScheduler_AsyncRequest_QueueRunner->handle()
#11 C:\xampp\htdocs\ropa\wp-includes\class-wp-hook.php(287): WP_Async_Request->maybe_handle('')
#12 C:\xampp\htdocs\ropa\wp-includes\class-wp-hook.php(311): WP_Hook->apply_filters('', Array)
#13 C:\xampp\htdocs\ropa\wp-includes\plugin.php(484): WP_Hook->do_action(Array)
#14 C:\xampp\htdocs\ropa\wp-admin\admin-ajax.php(184): do_action('wp_ajax_as_asyn...')
#15 {main}
  thrown in C:\xampp\htdocs\ropa\wp-includes\class-wp-hook.php on line 287

2021-02-06T16:41:58+00:00 CRITICAL Uncaught Error: Unknown named parameter $tasks_meta_id in C:\xampp\htdocs\ropa\wp-includes\class-wp-hook.php:287
Stack trace:
#0 C:\xampp\htdocs\ropa\wp-includes\class-wp-hook.php(311): WP_Hook->apply_filters('', Array)
#1 C:\xampp\htdocs\ropa\wp-includes\plugin.php(551): WP_Hook->do_action(Array)
#2 C:\xampp\htdocs\ropa\wp-content\plugins\woocommerce\packages\action-scheduler\classes\actions\ActionScheduler_Action.php(22): do_action_ref_array('wpforms_email_s...', Array)
#3 C:\xampp\htdocs\ropa\wp-content\plugins\woocommerce\packages\action-scheduler\classes\abstracts\ActionScheduler_Abstract_QueueRunner.php(65): ActionScheduler_Action->execute()
#4 C:\xampp\htdocs\ropa\wp-content\plugins\woocommerce\packages\action-scheduler\classes\ActionScheduler_QueueRunner.php(162): ActionScheduler_Abstract_QueueRunner->process_action(38, 'WP Cron')
#5 C:\xampp\htdocs\ropa\wp-content\plugins\woocommerce\packages\action-scheduler\classes\ActionScheduler_QueueRunner.php(132): ActionScheduler_QueueRunner->do_batch(25, 'WP Cron')
#6 C:\xampp\htdocs\ropa\wp-includes\class-wp-hook.php(287): ActionScheduler_QueueRunner->run('WP Cron')
#7 C:\xampp\htdocs\ropa\wp-includes\class-wp-hook.php(311): WP_Hook->apply_filters('', Array)
#8 C:\xampp\htdocs\ropa\wp-includes\plugin.php(551): WP_Hook->do_action(Array)
#9 C:\xampp\htdocs\ropa\wp-cron.php(138): do_action_ref_array('action_schedule...', Array)
#10 {main}
  thrown in C:\xampp\htdocs\ropa\wp-includes\class-wp-hook.php on line 287

2021-02-06T16:42:00+00:00 CRITICAL Uncaught Error: Unknown named parameter $tasks_meta_id in C:\xampp\htdocs\ropa\wp-includes\class-wp-hook.php:287
Stack trace:
#0 C:\xampp\htdocs\ropa\wp-includes\class-wp-hook.php(311): WP_Hook->apply_filters('', Array)
#1 C:\xampp\htdocs\ropa\wp-includes\plugin.php(551): WP_Hook->do_action(Array)
#2 C:\xampp\htdocs\ropa\wp-content\plugins\woocommerce\packages\action-scheduler\classes\actions\ActionScheduler_Action.php(22): do_action_ref_array('wpforms_email_s...', Array)
#3 C:\xampp\htdocs\ropa\wp-content\plugins\woocommerce\packages\action-scheduler\classes\abstracts\ActionScheduler_Abstract_QueueRunner.php(65): ActionScheduler_Action->execute()
#4 C:\xampp\htdocs\ropa\wp-content\plugins\woocommerce\packages\action-scheduler\classes\ActionScheduler_QueueRunner.php(162): ActionScheduler_Abstract_QueueRunner->process_action(39, 'Async Request')
#5 C:\xampp\htdocs\ropa\wp-content\plugins\woocommerce\packages\action-scheduler\classes\ActionScheduler_QueueRunner.php(132): ActionScheduler_QueueRunner->do_batch(25, 'Async Request')
#6 C:\xampp\htdocs\ropa\wp-includes\class-wp-hook.php(287): ActionScheduler_QueueRunner->run('Async Request')
#7 C:\xampp\htdocs\ropa\wp-includes\class-wp-hook.php(311): WP_Hook->apply_filters('', Array)
#8 C:\xampp\htdocs\ropa\wp-includes\plugin.php(484): WP_Hook->do_action(Array)
#9 C:\xampp\htdocs\ropa\wp-content\plugins\woocommerce\packages\action-scheduler\classes\ActionScheduler_AsyncRequest_QueueRunner.php(52): do_action('action_schedule...', 'Async Request')
#10 C:\xampp\htdocs\ropa\wp-content\plugins\simply-static\includes\libraries\wp-background-processing\classes\wp-async-request.php(149): ActionScheduler_AsyncRequest_QueueRunner->handle()
#11 C:\xampp\htdocs\ropa\wp-includes\class-wp-hook.php(287): WP_Async_Request->maybe_handle('')
#12 C:\xampp\htdocs\ropa\wp-includes\class-wp-hook.php(311): WP_Hook->apply_filters('', Array)
#13 C:\xampp\htdocs\ropa\wp-includes\plugin.php(484): WP_Hook->do_action(Array)
#14 C:\xampp\htdocs\ropa\wp-admin\admin-ajax.php(184): do_action('wp_ajax_as_asyn...')
#15 {main}
  thrown in C:\xampp\htdocs\ropa\wp-includes\class-wp-hook.php on line 287

2021-02-06T16:43:11+00:00 CRITICAL Uncaught TypeError: Elementor\Elements_Manager::create_element_instance(): Argument #1 ($element_data) must be of type array, string given, called in C:\xampp\htdocs\ropa\wp-content\plugins\elementor\core\base\document.php on line 810 and defined in C:\xampp\htdocs\ropa\wp-content\plugins\elementor\includes\managers\elements.php:68
Stack trace:
#0 C:\xampp\htdocs\ropa\wp-content\plugins\elementor\core\base\document.php(810): Elementor\Elements_Manager->create_element_instance('Array')
#1 C:\xampp\htdocs\ropa\wp-content\plugins\astra-sites\inc\importers\batch-processing\class-astra-sites-batch-processing-elementor.php(121): Elementor\Core\Base\Document->get_elements_raw_data(Array, true)
#2 C:\xampp\htdocs\ropa\wp-content\plugins\astra-sites\inc\importers\batch-processing\class-astra-sites-batch-processing-elementor.php(66): Elementor\TemplateLibrary\Astra_Sites_Batch_Processing_Elementor->import_single_post(16)
#3 C:\xampp\htdocs\ropa\wp-content\plugins\astra-sites\inc\importers\batch-processing\helpers\class-wp-background-process-astra.php(41): Elementor\TemplateLibrary\Astra_Sites_Batch_Processing_Elementor->import()
#4 C:\xampp\htdocs\ropa\wp-content\plugins\simply-static\includes\libraries\wp-background-processing\classes\wp-background-process.php(303): WP_Background_Process_Astra->task(Object(Elementor\TemplateLibrary\Astra_Sites_Batch_Processing_Elementor))
#5 C:\xampp\htdocs\ropa\wp-content\plugins\simply-static\includes\libraries\wp-background-processing\classes\wp-background-process.php(449): WP_Background_Process->handle()
#6 C:\xampp\htdocs\ropa\wp-includes\class-wp-hook.php(287): WP_Background_Process->handle_cron_healthcheck()
#7 C:\xampp\htdocs\ropa\wp-includes\class-wp-hook.php(311): WP_Hook->apply_filters('', Array)
#8 C:\xampp\htdocs\ropa\wp-includes\plugin.php(551): WP_Hook->do_action(Array)
#9 C:\xampp\htdocs\ropa\wp-cron.php(138): do_action_ref_array('wp_image_proces...', Array)
#10 {main}
  thrown in C:\xampp\htdocs\ropa\wp-content\plugins\elementor\includes\managers\elements.php on line 68

2021-02-06T16:44:19+00:00 CRITICAL Uncaught Error: Unknown named parameter $tasks_meta_id in C:\xampp\htdocs\ropa\wp-includes\class-wp-hook.php:287
Stack trace:
#0 C:\xampp\htdocs\ropa\wp-includes\class-wp-hook.php(311): WP_Hook->apply_filters('', Array)
#1 C:\xampp\htdocs\ropa\wp-includes\plugin.php(551): WP_Hook->do_action(Array)
#2 C:\xampp\htdocs\ropa\wp-content\plugins\woocommerce\packages\action-scheduler\classes\actions\ActionScheduler_Action.php(22): do_action_ref_array('wpforms_admin_n...', Array)
#3 C:\xampp\htdocs\ropa\wp-content\plugins\woocommerce\packages\action-scheduler\classes\abstracts\ActionScheduler_Abstract_QueueRunner.php(65): ActionScheduler_Action->execute()
#4 C:\xampp\htdocs\ropa\wp-content\plugins\woocommerce\packages\action-scheduler\classes\ActionScheduler_QueueRunner.php(162): ActionScheduler_Abstract_QueueRunner->process_action(41, 'Async Request')
#5 C:\xampp\htdocs\ropa\wp-content\plugins\woocommerce\packages\action-scheduler\classes\ActionScheduler_QueueRunner.php(132): ActionScheduler_QueueRunner->do_batch(25, 'Async Request')
#6 C:\xampp\htdocs\ropa\wp-includes\class-wp-hook.php(287): ActionScheduler_QueueRunner->run('Async Request')
#7 C:\xampp\htdocs\ropa\wp-includes\class-wp-hook.php(311): WP_Hook->apply_filters('', Array)
#8 C:\xampp\htdocs\ropa\wp-includes\plugin.php(484): WP_Hook->do_action(Array)
#9 C:\xampp\htdocs\ropa\wp-content\plugins\woocommerce\packages\action-scheduler\classes\ActionScheduler_AsyncRequest_QueueRunner.php(52): do_action('action_schedule...', 'Async Request')
#10 C:\xampp\htdocs\ropa\wp-content\plugins\simply-static\includes\libraries\wp-background-processing\classes\wp-async-request.php(149): ActionScheduler_AsyncRequest_QueueRunner->handle()
#11 C:\xampp\htdocs\ropa\wp-includes\class-wp-hook.php(287): WP_Async_Request->maybe_handle('')
#12 C:\xampp\htdocs\ropa\wp-includes\class-wp-hook.php(311): WP_Hook->apply_filters('', Array)
#13 C:\xampp\htdocs\ropa\wp-includes\plugin.php(484): WP_Hook->do_action(Array)
#14 C:\xampp\htdocs\ropa\wp-admin\admin-ajax.php(184): do_action('wp_ajax_as_asyn...')
#15 {main}
  thrown in C:\xampp\htdocs\ropa\wp-includes\class-wp-hook.php on line 287

2021-02-06T16:45:13+00:00 CRITICAL Uncaught TypeError: Elementor\Elements_Manager::create_element_instance(): Argument #1 ($element_data) must be of type array, string given, called in C:\xampp\htdocs\ropa\wp-content\plugins\elementor\core\base\document.php on line 810 and defined in C:\xampp\htdocs\ropa\wp-content\plugins\elementor\includes\managers\elements.php:68
Stack trace:
#0 C:\xampp\htdocs\ropa\wp-content\plugins\elementor\core\base\document.php(810): Elementor\Elements_Manager->create_element_instance('Array')
#1 C:\xampp\htdocs\ropa\wp-content\plugins\astra-sites\inc\importers\batch-processing\class-astra-sites-batch-processing-elementor.php(121): Elementor\Core\Base\Document->get_elements_raw_data(Array, true)
#2 C:\xampp\htdocs\ropa\wp-content\plugins\astra-sites\inc\importers\batch-processing\class-astra-sites-batch-processing-elementor.php(66): Elementor\TemplateLibrary\Astra_Sites_Batch_Processing_Elementor->import_single_post(16)
#3 C:\xampp\htdocs\ropa\wp-content\plugins\astra-sites\inc\importers\batch-processing\helpers\class-wp-background-process-astra.php(41): Elementor\TemplateLibrary\Astra_Sites_Batch_Processing_Elementor->import()
#4 C:\xampp\htdocs\ropa\wp-content\plugins\simply-static\includes\libraries\wp-background-processing\classes\wp-background-process.php(303): WP_Background_Process_Astra->task(Object(Elementor\TemplateLibrary\Astra_Sites_Batch_Processing_Elementor))
#5 C:\xampp\htdocs\ropa\wp-content\plugins\simply-static\includes\libraries\wp-background-processing\classes\wp-background-process.php(449): WP_Background_Process->handle()
#6 C:\xampp\htdocs\ropa\wp-includes\class-wp-hook.php(287): WP_Background_Process->handle_cron_healthcheck()
#7 C:\xampp\htdocs\ropa\wp-includes\class-wp-hook.php(311): WP_Hook->apply_filters('', Array)
#8 C:\xampp\htdocs\ropa\wp-includes\plugin.php(551): WP_Hook->do_action(Array)
#9 C:\xampp\htdocs\ropa\wp-cron.php(138): do_action_ref_array('wp_image_proces...', Array)
#10 {main}
  thrown in C:\xampp\htdocs\ropa\wp-content\plugins\elementor\includes\managers\elements.php on line 68

2021-02-06T16:50:12+00:00 CRITICAL Uncaught TypeError: Elementor\Elements_Manager::create_element_instance(): Argument #1 ($element_data) must be of type array, string given, called in C:\xampp\htdocs\ropa\wp-content\plugins\elementor\core\base\document.php on line 810 and defined in C:\xampp\htdocs\ropa\wp-content\plugins\elementor\includes\managers\elements.php:68
Stack trace:
#0 C:\xampp\htdocs\ropa\wp-content\plugins\elementor\core\base\document.php(810): Elementor\Elements_Manager->create_element_instance('Array')
#1 C:\xampp\htdocs\ropa\wp-content\plugins\astra-sites\inc\importers\batch-processing\class-astra-sites-batch-processing-elementor.php(121): Elementor\Core\Base\Document->get_elements_raw_data(Array, true)
#2 C:\xampp\htdocs\ropa\wp-content\plugins\astra-sites\inc\importers\batch-processing\class-astra-sites-batch-processing-elementor.php(66): Elementor\TemplateLibrary\Astra_Sites_Batch_Processing_Elementor->import_single_post(16)
#3 C:\xampp\htdocs\ropa\wp-content\plugins\astra-sites\inc\importers\batch-processing\helpers\class-wp-background-process-astra.php(41): Elementor\TemplateLibrary\Astra_Sites_Batch_Processing_Elementor->import()
#4 C:\xampp\htdocs\ropa\wp-content\plugins\simply-static\includes\libraries\wp-background-processing\classes\wp-background-process.php(303): WP_Background_Process_Astra->task(Object(Elementor\TemplateLibrary\Astra_Sites_Batch_Processing_Elementor))
#5 C:\xampp\htdocs\ropa\wp-content\plugins\simply-static\includes\libraries\wp-background-processing\classes\wp-background-process.php(449): WP_Background_Process->handle()
#6 C:\xampp\htdocs\ropa\wp-includes\class-wp-hook.php(287): WP_Background_Process->handle_cron_healthcheck()
#7 C:\xampp\htdocs\ropa\wp-includes\class-wp-hook.php(311): WP_Hook->apply_filters('', Array)
#8 C:\xampp\htdocs\ropa\wp-includes\plugin.php(551): WP_Hook->do_action(Array)
#9 C:\xampp\htdocs\ropa\wp-cron.php(138): do_action_ref_array('wp_image_proces...', Array)
#10 {main}
  thrown in C:\xampp\htdocs\ropa\wp-content\plugins\elementor\includes\managers\elements.php on line 68

2021-02-06T16:55:05+00:00 CRITICAL Uncaught TypeError: Elementor\Elements_Manager::create_element_instance(): Argument #1 ($element_data) must be of type array, string given, called in C:\xampp\htdocs\ropa\wp-content\plugins\elementor\core\base\document.php on line 810 and defined in C:\xampp\htdocs\ropa\wp-content\plugins\elementor\includes\managers\elements.php:68
Stack trace:
#0 C:\xampp\htdocs\ropa\wp-content\plugins\elementor\core\base\document.php(810): Elementor\Elements_Manager->create_element_instance('Array')
#1 C:\xampp\htdocs\ropa\wp-content\plugins\astra-sites\inc\importers\batch-processing\class-astra-sites-batch-processing-elementor.php(121): Elementor\Core\Base\Document->get_elements_raw_data(Array, true)
#2 C:\xampp\htdocs\ropa\wp-content\plugins\astra-sites\inc\importers\batch-processing\class-astra-sites-batch-processing-elementor.php(66): Elementor\TemplateLibrary\Astra_Sites_Batch_Processing_Elementor->import_single_post(16)
#3 C:\xampp\htdocs\ropa\wp-content\plugins\astra-sites\inc\importers\batch-processing\helpers\class-wp-background-process-astra.php(41): Elementor\TemplateLibrary\Astra_Sites_Batch_Processing_Elementor->import()
#4 C:\xampp\htdocs\ropa\wp-content\plugins\simply-static\includes\libraries\wp-background-processing\classes\wp-background-process.php(303): WP_Background_Process_Astra->task(Object(Elementor\TemplateLibrary\Astra_Sites_Batch_Processing_Elementor))
#5 C:\xampp\htdocs\ropa\wp-content\plugins\simply-static\includes\libraries\wp-background-processing\classes\wp-background-process.php(449): WP_Background_Process->handle()
#6 C:\xampp\htdocs\ropa\wp-includes\class-wp-hook.php(287): WP_Background_Process->handle_cron_healthcheck()
#7 C:\xampp\htdocs\ropa\wp-includes\class-wp-hook.php(311): WP_Hook->apply_filters('', Array)
#8 C:\xampp\htdocs\ropa\wp-includes\plugin.php(551): WP_Hook->do_action(Array)
#9 C:\xampp\htdocs\ropa\wp-cron.php(138): do_action_ref_array('wp_image_proces...', Array)
#10 {main}
  thrown in C:\xampp\htdocs\ropa\wp-content\plugins\elementor\includes\managers\elements.php on line 68

2021-02-06T16:57:55+00:00 CRITICAL Uncaught Error: Unknown named parameter $tasks_meta_id in C:\xampp\htdocs\ropa\wp-includes\class-wp-hook.php:287
Stack trace:
#0 C:\xampp\htdocs\ropa\wp-includes\class-wp-hook.php(311): WP_Hook->apply_filters('', Array)
#1 C:\xampp\htdocs\ropa\wp-includes\plugin.php(551): WP_Hook->do_action(Array)
#2 C:\xampp\htdocs\ropa\wp-content\plugins\woocommerce\packages\action-scheduler\classes\actions\ActionScheduler_Action.php(22): do_action_ref_array('wpforms_admin_n...', Array)
#3 C:\xampp\htdocs\ropa\wp-content\plugins\woocommerce\packages\action-scheduler\classes\abstracts\ActionScheduler_Abstract_QueueRunner.php(65): ActionScheduler_Action->execute()
#4 C:\xampp\htdocs\ropa\wp-content\plugins\woocommerce\packages\action-scheduler\classes\ActionScheduler_QueueRunner.php(162): ActionScheduler_Abstract_QueueRunner->process_action(42, 'WP Cron')
#5 C:\xampp\htdocs\ropa\wp-content\plugins\woocommerce\packages\action-scheduler\classes\ActionScheduler_QueueRunner.php(132): ActionScheduler_QueueRunner->do_batch(25, 'WP Cron')
#6 C:\xampp\htdocs\ropa\wp-includes\class-wp-hook.php(287): ActionScheduler_QueueRunner->run('WP Cron')
#7 C:\xampp\htdocs\ropa\wp-includes\class-wp-hook.php(311): WP_Hook->apply_filters('', Array)
#8 C:\xampp\htdocs\ropa\wp-includes\plugin.php(551): WP_Hook->do_action(Array)
#9 C:\xampp\htdocs\ropa\wp-cron.php(138): do_action_ref_array('action_schedule...', Array)
#10 {main}
  thrown in C:\xampp\htdocs\ropa\wp-includes\class-wp-hook.php on line 287

2021-02-06T17:00:09+00:00 CRITICAL Uncaught TypeError: Elementor\Elements_Manager::create_element_instance(): Argument #1 ($element_data) must be of type array, string given, called in C:\xampp\htdocs\ropa\wp-content\plugins\elementor\core\base\document.php on line 810 and defined in C:\xampp\htdocs\ropa\wp-content\plugins\elementor\includes\managers\elements.php:68
Stack trace:
#0 C:\xampp\htdocs\ropa\wp-content\plugins\elementor\core\base\document.php(810): Elementor\Elements_Manager->create_element_instance('Array')
#1 C:\xampp\htdocs\ropa\wp-content\plugins\astra-sites\inc\importers\batch-processing\class-astra-sites-batch-processing-elementor.php(121): Elementor\Core\Base\Document->get_elements_raw_data(Array, true)
#2 C:\xampp\htdocs\ropa\wp-content\plugins\astra-sites\inc\importers\batch-processing\class-astra-sites-batch-processing-elementor.php(66): Elementor\TemplateLibrary\Astra_Sites_Batch_Processing_Elementor->import_single_post(16)
#3 C:\xampp\htdocs\ropa\wp-content\plugins\astra-sites\inc\importers\batch-processing\helpers\class-wp-background-process-astra.php(41): Elementor\TemplateLibrary\Astra_Sites_Batch_Processing_Elementor->import()
#4 C:\xampp\htdocs\ropa\wp-content\plugins\simply-static\includes\libraries\wp-background-processing\classes\wp-background-process.php(303): WP_Background_Process_Astra->task(Object(Elementor\TemplateLibrary\Astra_Sites_Batch_Processing_Elementor))
#5 C:\xampp\htdocs\ropa\wp-content\plugins\simply-static\includes\libraries\wp-background-processing\classes\wp-background-process.php(449): WP_Background_Process->handle()
#6 C:\xampp\htdocs\ropa\wp-includes\class-wp-hook.php(287): WP_Background_Process->handle_cron_healthcheck()
#7 C:\xampp\htdocs\ropa\wp-includes\class-wp-hook.php(311): WP_Hook->apply_filters('', Array)
#8 C:\xampp\htdocs\ropa\wp-includes\plugin.php(551): WP_Hook->do_action(Array)
#9 C:\xampp\htdocs\ropa\wp-cron.php(138): do_action_ref_array('wp_image_proces...', Array)
#10 {main}
  thrown in C:\xampp\htdocs\ropa\wp-content\plugins\elementor\includes\managers\elements.php on line 68

2021-02-06T17:05:13+00:00 CRITICAL Uncaught TypeError: Elementor\Elements_Manager::create_element_instance(): Argument #1 ($element_data) must be of type array, string given, called in C:\xampp\htdocs\ropa\wp-content\plugins\elementor\core\base\document.php on line 810 and defined in C:\xampp\htdocs\ropa\wp-content\plugins\elementor\includes\managers\elements.php:68
Stack trace:
#0 C:\xampp\htdocs\ropa\wp-content\plugins\elementor\core\base\document.php(810): Elementor\Elements_Manager->create_element_instance('Array')
#1 C:\xampp\htdocs\ropa\wp-content\plugins\astra-sites\inc\importers\batch-processing\class-astra-sites-batch-processing-elementor.php(121): Elementor\Core\Base\Document->get_elements_raw_data(Array, true)
#2 C:\xampp\htdocs\ropa\wp-content\plugins\astra-sites\inc\importers\batch-processing\class-astra-sites-batch-processing-elementor.php(66): Elementor\TemplateLibrary\Astra_Sites_Batch_Processing_Elementor->import_single_post(16)
#3 C:\xampp\htdocs\ropa\wp-content\plugins\astra-sites\inc\importers\batch-processing\helpers\class-wp-background-process-astra.php(41): Elementor\TemplateLibrary\Astra_Sites_Batch_Processing_Elementor->import()
#4 C:\xampp\htdocs\ropa\wp-content\plugins\simply-static\includes\libraries\wp-background-processing\classes\wp-background-process.php(303): WP_Background_Process_Astra->task(Object(Elementor\TemplateLibrary\Astra_Sites_Batch_Processing_Elementor))
#5 C:\xampp\htdocs\ropa\wp-content\plugins\simply-static\includes\libraries\wp-background-processing\classes\wp-background-process.php(449): WP_Background_Process->handle()
#6 C:\xampp\htdocs\ropa\wp-includes\class-wp-hook.php(287): WP_Background_Process->handle_cron_healthcheck()
#7 C:\xampp\htdocs\ropa\wp-includes\class-wp-hook.php(311): WP_Hook->apply_filters('', Array)
#8 C:\xampp\htdocs\ropa\wp-includes\plugin.php(551): WP_Hook->do_action(Array)
#9 C:\xampp\htdocs\ropa\wp-cron.php(138): do_action_ref_array('wp_image_proces...', Array)
#10 {main}
  thrown in C:\xampp\htdocs\ropa\wp-content\plugins\elementor\includes\managers\elements.php on line 68

2021-02-06T17:10:08+00:00 CRITICAL Uncaught TypeError: Elementor\Elements_Manager::create_element_instance(): Argument #1 ($element_data) must be of type array, string given, called in C:\xampp\htdocs\ropa\wp-content\plugins\elementor\core\base\document.php on line 810 and defined in C:\xampp\htdocs\ropa\wp-content\plugins\elementor\includes\managers\elements.php:68
Stack trace:
#0 C:\xampp\htdocs\ropa\wp-content\plugins\elementor\core\base\document.php(810): Elementor\Elements_Manager->create_element_instance('Array')
#1 C:\xampp\htdocs\ropa\wp-content\plugins\astra-sites\inc\importers\batch-processing\class-astra-sites-batch-processing-elementor.php(121): Elementor\Core\Base\Document->get_elements_raw_data(Array, true)
#2 C:\xampp\htdocs\ropa\wp-content\plugins\astra-sites\inc\importers\batch-processing\class-astra-sites-batch-processing-elementor.php(66): Elementor\TemplateLibrary\Astra_Sites_Batch_Processing_Elementor->import_single_post(16)
#3 C:\xampp\htdocs\ropa\wp-content\plugins\astra-sites\inc\importers\batch-processing\helpers\class-wp-background-process-astra.php(41): Elementor\TemplateLibrary\Astra_Sites_Batch_Processing_Elementor->import()
#4 C:\xampp\htdocs\ropa\wp-content\plugins\simply-static\includes\libraries\wp-background-processing\classes\wp-background-process.php(303): WP_Background_Process_Astra->task(Object(Elementor\TemplateLibrary\Astra_Sites_Batch_Processing_Elementor))
#5 C:\xampp\htdocs\ropa\wp-content\plugins\simply-static\includes\libraries\wp-background-processing\classes\wp-background-process.php(449): WP_Background_Process->handle()
#6 C:\xampp\htdocs\ropa\wp-includes\class-wp-hook.php(287): WP_Background_Process->handle_cron_healthcheck()
#7 C:\xampp\htdocs\ropa\wp-includes\class-wp-hook.php(311): WP_Hook->apply_filters('', Array)
#8 C:\xampp\htdocs\ropa\wp-includes\plugin.php(551): WP_Hook->do_action(Array)
#9 C:\xampp\htdocs\ropa\wp-cron.php(138): do_action_ref_array('wp_image_proces...', Array)
#10 {main}
  thrown in C:\xampp\htdocs\ropa\wp-content\plugins\elementor\includes\managers\elements.php on line 68

2021-02-06T17:11:36+00:00 CRITICAL Uncaught Error: Unknown named parameter $tasks_meta_id in C:\xampp\htdocs\ropa\wp-includes\class-wp-hook.php:287
Stack trace:
#0 C:\xampp\htdocs\ropa\wp-includes\class-wp-hook.php(311): WP_Hook->apply_filters('', Array)
#1 C:\xampp\htdocs\ropa\wp-includes\plugin.php(551): WP_Hook->do_action(Array)
#2 C:\xampp\htdocs\ropa\wp-content\plugins\woocommerce\packages\action-scheduler\classes\actions\ActionScheduler_Action.php(22): do_action_ref_array('wpforms_admin_n...', Array)
#3 C:\xampp\htdocs\ropa\wp-content\plugins\woocommerce\packages\action-scheduler\classes\abstracts\ActionScheduler_Abstract_QueueRunner.php(65): ActionScheduler_Action->execute()
#4 C:\xampp\htdocs\ropa\wp-content\plugins\woocommerce\packages\action-scheduler\classes\ActionScheduler_QueueRunner.php(162): ActionScheduler_Abstract_QueueRunner->process_action(43, 'WP Cron')
#5 C:\xampp\htdocs\ropa\wp-content\plugins\woocommerce\packages\action-scheduler\classes\ActionScheduler_QueueRunner.php(132): ActionScheduler_QueueRunner->do_batch(25, 'WP Cron')
#6 C:\xampp\htdocs\ropa\wp-includes\class-wp-hook.php(287): ActionScheduler_QueueRunner->run('WP Cron')
#7 C:\xampp\htdocs\ropa\wp-includes\class-wp-hook.php(311): WP_Hook->apply_filters('', Array)
#8 C:\xampp\htdocs\ropa\wp-includes\plugin.php(551): WP_Hook->do_action(Array)
#9 C:\xampp\htdocs\ropa\wp-cron.php(138): do_action_ref_array('action_schedule...', Array)
#10 {main}
  thrown in C:\xampp\htdocs\ropa\wp-includes\class-wp-hook.php on line 287

2021-02-06T17:15:08+00:00 CRITICAL Uncaught TypeError: Elementor\Elements_Manager::create_element_instance(): Argument #1 ($element_data) must be of type array, string given, called in C:\xampp\htdocs\ropa\wp-content\plugins\elementor\core\base\document.php on line 810 and defined in C:\xampp\htdocs\ropa\wp-content\plugins\elementor\includes\managers\elements.php:68
Stack trace:
#0 C:\xampp\htdocs\ropa\wp-content\plugins\elementor\core\base\document.php(810): Elementor\Elements_Manager->create_element_instance('Array')
#1 C:\xampp\htdocs\ropa\wp-content\plugins\astra-sites\inc\importers\batch-processing\class-astra-sites-batch-processing-elementor.php(121): Elementor\Core\Base\Document->get_elements_raw_data(Array, true)
#2 C:\xampp\htdocs\ropa\wp-content\plugins\astra-sites\inc\importers\batch-processing\class-astra-sites-batch-processing-elementor.php(66): Elementor\TemplateLibrary\Astra_Sites_Batch_Processing_Elementor->import_single_post(16)
#3 C:\xampp\htdocs\ropa\wp-content\plugins\astra-sites\inc\importers\batch-processing\helpers\class-wp-background-process-astra.php(41): Elementor\TemplateLibrary\Astra_Sites_Batch_Processing_Elementor->import()
#4 C:\xampp\htdocs\ropa\wp-content\plugins\simply-static\includes\libraries\wp-background-processing\classes\wp-background-process.php(303): WP_Background_Process_Astra->task(Object(Elementor\TemplateLibrary\Astra_Sites_Batch_Processing_Elementor))
#5 C:\xampp\htdocs\ropa\wp-content\plugins\simply-static\includes\libraries\wp-background-processing\classes\wp-background-process.php(449): WP_Background_Process->handle()
#6 C:\xampp\htdocs\ropa\wp-includes\class-wp-hook.php(287): WP_Background_Process->handle_cron_healthcheck()
#7 C:\xampp\htdocs\ropa\wp-includes\class-wp-hook.php(311): WP_Hook->apply_filters('', Array)
#8 C:\xampp\htdocs\ropa\wp-includes\plugin.php(551): WP_Hook->do_action(Array)
#9 C:\xampp\htdocs\ropa\wp-cron.php(138): do_action_ref_array('wp_image_proces...', Array)
#10 {main}
  thrown in C:\xampp\htdocs\ropa\wp-content\plugins\elementor\includes\managers\elements.php on line 68

2021-02-06T17:20:14+00:00 CRITICAL Uncaught TypeError: Elementor\Elements_Manager::create_element_instance(): Argument #1 ($element_data) must be of type array, string given, called in C:\xampp\htdocs\ropa\wp-content\plugins\elementor\core\base\document.php on line 810 and defined in C:\xampp\htdocs\ropa\wp-content\plugins\elementor\includes\managers\elements.php:68
Stack trace:
#0 C:\xampp\htdocs\ropa\wp-content\plugins\elementor\core\base\document.php(810): Elementor\Elements_Manager->create_element_instance('Array')
#1 C:\xampp\htdocs\ropa\wp-content\plugins\astra-sites\inc\importers\batch-processing\class-astra-sites-batch-processing-elementor.php(121): Elementor\Core\Base\Document->get_elements_raw_data(Array, true)
#2 C:\xampp\htdocs\ropa\wp-content\plugins\astra-sites\inc\importers\batch-processing\class-astra-sites-batch-processing-elementor.php(66): Elementor\TemplateLibrary\Astra_Sites_Batch_Processing_Elementor->import_single_post(16)
#3 C:\xampp\htdocs\ropa\wp-content\plugins\astra-sites\inc\importers\batch-processing\helpers\class-wp-background-process-astra.php(41): Elementor\TemplateLibrary\Astra_Sites_Batch_Processing_Elementor->import()
#4 C:\xampp\htdocs\ropa\wp-content\plugins\simply-static\includes\libraries\wp-background-processing\classes\wp-background-process.php(303): WP_Background_Process_Astra->task(Object(Elementor\TemplateLibrary\Astra_Sites_Batch_Processing_Elementor))
#5 C:\xampp\htdocs\ropa\wp-content\plugins\simply-static\includes\libraries\wp-background-processing\classes\wp-background-process.php(449): WP_Background_Process->handle()
#6 C:\xampp\htdocs\ropa\wp-includes\class-wp-hook.php(287): WP_Background_Process->handle_cron_healthcheck()
#7 C:\xampp\htdocs\ropa\wp-includes\class-wp-hook.php(311): WP_Hook->apply_filters('', Array)
#8 C:\xampp\htdocs\ropa\wp-includes\plugin.php(551): WP_Hook->do_action(Array)
#9 C:\xampp\htdocs\ropa\wp-cron.php(138): do_action_ref_array('wp_image_proces...', Array)
#10 {main}
  thrown in C:\xampp\htdocs\ropa\wp-content\plugins\elementor\includes\managers\elements.php on line 68

2021-02-06T17:25:01+00:00 CRITICAL Uncaught TypeError: Elementor\Elements_Manager::create_element_instance(): Argument #1 ($element_data) must be of type array, string given, called in C:\xampp\htdocs\ropa\wp-content\plugins\elementor\core\base\document.php on line 810 and defined in C:\xampp\htdocs\ropa\wp-content\plugins\elementor\includes\managers\elements.php:68
Stack trace:
#0 C:\xampp\htdocs\ropa\wp-content\plugins\elementor\core\base\document.php(810): Elementor\Elements_Manager->create_element_instance('Array')
#1 C:\xampp\htdocs\ropa\wp-content\plugins\astra-sites\inc\importers\batch-processing\class-astra-sites-batch-processing-elementor.php(121): Elementor\Core\Base\Document->get_elements_raw_data(Array, true)
#2 C:\xampp\htdocs\ropa\wp-content\plugins\astra-sites\inc\importers\batch-processing\class-astra-sites-batch-processing-elementor.php(66): Elementor\TemplateLibrary\Astra_Sites_Batch_Processing_Elementor->import_single_post(16)
#3 C:\xampp\htdocs\ropa\wp-content\plugins\astra-sites\inc\importers\batch-processing\helpers\class-wp-background-process-astra.php(41): Elementor\TemplateLibrary\Astra_Sites_Batch_Processing_Elementor->import()
#4 C:\xampp\htdocs\ropa\wp-content\plugins\simply-static\includes\libraries\wp-background-processing\classes\wp-background-process.php(303): WP_Background_Process_Astra->task(Object(Elementor\TemplateLibrary\Astra_Sites_Batch_Processing_Elementor))
#5 C:\xampp\htdocs\ropa\wp-content\plugins\simply-static\includes\libraries\wp-background-processing\classes\wp-background-process.php(449): WP_Background_Process->handle()
#6 C:\xampp\htdocs\ropa\wp-includes\class-wp-hook.php(287): WP_Background_Process->handle_cron_healthcheck()
#7 C:\xampp\htdocs\ropa\wp-includes\class-wp-hook.php(311): WP_Hook->apply_filters('', Array)
#8 C:\xampp\htdocs\ropa\wp-includes\plugin.php(551): WP_Hook->do_action(Array)
#9 C:\xampp\htdocs\ropa\wp-cron.php(138): do_action_ref_array('wp_image_proces...', Array)
#10 {main}
  thrown in C:\xampp\htdocs\ropa\wp-content\plugins\elementor\includes\managers\elements.php on line 68

2021-02-06T17:30:04+00:00 CRITICAL Uncaught TypeError: Elementor\Elements_Manager::create_element_instance(): Argument #1 ($element_data) must be of type array, string given, called in C:\xampp\htdocs\ropa\wp-content\plugins\elementor\core\base\document.php on line 810 and defined in C:\xampp\htdocs\ropa\wp-content\plugins\elementor\includes\managers\elements.php:68
Stack trace:
#0 C:\xampp\htdocs\ropa\wp-content\plugins\elementor\core\base\document.php(810): Elementor\Elements_Manager->create_element_instance('Array')
#1 C:\xampp\htdocs\ropa\wp-content\plugins\astra-sites\inc\importers\batch-processing\class-astra-sites-batch-processing-elementor.php(121): Elementor\Core\Base\Document->get_elements_raw_data(Array, true)
#2 C:\xampp\htdocs\ropa\wp-content\plugins\astra-sites\inc\importers\batch-processing\class-astra-sites-batch-processing-elementor.php(66): Elementor\TemplateLibrary\Astra_Sites_Batch_Processing_Elementor->import_single_post(16)
#3 C:\xampp\htdocs\ropa\wp-content\plugins\astra-sites\inc\importers\batch-processing\helpers\class-wp-background-process-astra.php(41): Elementor\TemplateLibrary\Astra_Sites_Batch_Processing_Elementor->import()
#4 C:\xampp\htdocs\ropa\wp-content\plugins\simply-static\includes\libraries\wp-background-processing\classes\wp-background-process.php(303): WP_Background_Process_Astra->task(Object(Elementor\TemplateLibrary\Astra_Sites_Batch_Processing_Elementor))
#5 C:\xampp\htdocs\ropa\wp-content\plugins\simply-static\includes\libraries\wp-background-processing\classes\wp-background-process.php(449): WP_Background_Process->handle()
#6 C:\xampp\htdocs\ropa\wp-includes\class-wp-hook.php(287): WP_Background_Process->handle_cron_healthcheck()
#7 C:\xampp\htdocs\ropa\wp-includes\class-wp-hook.php(311): WP_Hook->apply_filters('', Array)
#8 C:\xampp\htdocs\ropa\wp-includes\plugin.php(551): WP_Hook->do_action(Array)
#9 C:\xampp\htdocs\ropa\wp-cron.php(138): do_action_ref_array('wp_image_proces...', Array)
#10 {main}
  thrown in C:\xampp\htdocs\ropa\wp-content\plugins\elementor\includes\managers\elements.php on line 68

2021-02-06T17:32:19+00:00 CRITICAL Uncaught Error: Unknown named parameter $tasks_meta_id in C:\xampp\htdocs\ropa\wp-includes\class-wp-hook.php:287
Stack trace:
#0 C:\xampp\htdocs\ropa\wp-includes\class-wp-hook.php(311): WP_Hook->apply_filters('', Array)
#1 C:\xampp\htdocs\ropa\wp-includes\plugin.php(551): WP_Hook->do_action(Array)
#2 C:\xampp\htdocs\ropa\wp-content\plugins\woocommerce\packages\action-scheduler\classes\actions\ActionScheduler_Action.php(22): do_action_ref_array('wpforms_admin_n...', Array)
#3 C:\xampp\htdocs\ropa\wp-content\plugins\woocommerce\packages\action-scheduler\classes\abstracts\ActionScheduler_Abstract_QueueRunner.php(65): ActionScheduler_Action->execute()
#4 C:\xampp\htdocs\ropa\wp-content\plugins\woocommerce\packages\action-scheduler\classes\ActionScheduler_QueueRunner.php(162): ActionScheduler_Abstract_QueueRunner->process_action(44, 'Async Request')
#5 C:\xampp\htdocs\ropa\wp-content\plugins\woocommerce\packages\action-scheduler\classes\ActionScheduler_QueueRunner.php(132): ActionScheduler_QueueRunner->do_batch(25, 'Async Request')
#6 C:\xampp\htdocs\ropa\wp-includes\class-wp-hook.php(287): ActionScheduler_QueueRunner->run('Async Request')
#7 C:\xampp\htdocs\ropa\wp-includes\class-wp-hook.php(311): WP_Hook->apply_filters('', Array)
#8 C:\xampp\htdocs\ropa\wp-includes\plugin.php(484): WP_Hook->do_action(Array)
#9 C:\xampp\htdocs\ropa\wp-content\plugins\woocommerce\packages\action-scheduler\classes\ActionScheduler_AsyncRequest_QueueRunner.php(52): do_action('action_schedule...', 'Async Request')
#10 C:\xampp\htdocs\ropa\wp-content\plugins\simply-static\includes\libraries\wp-background-processing\classes\wp-async-request.php(149): ActionScheduler_AsyncRequest_QueueRunner->handle()
#11 C:\xampp\htdocs\ropa\wp-includes\class-wp-hook.php(287): WP_Async_Request->maybe_handle('')
#12 C:\xampp\htdocs\ropa\wp-includes\class-wp-hook.php(311): WP_Hook->apply_filters('', Array)
#13 C:\xampp\htdocs\ropa\wp-includes\plugin.php(484): WP_Hook->do_action(Array)
#14 C:\xampp\htdocs\ropa\wp-admin\admin-ajax.php(184): do_action('wp_ajax_as_asyn...')
#15 {main}
  thrown in C:\xampp\htdocs\ropa\wp-includes\class-wp-hook.php on line 287

2021-02-06T17:36:37+00:00 CRITICAL Uncaught TypeError: Elementor\Elements_Manager::create_element_instance(): Argument #1 ($element_data) must be of type array, string given, called in C:\xampp\htdocs\ropa\wp-content\plugins\elementor\core\base\document.php on line 810 and defined in C:\xampp\htdocs\ropa\wp-content\plugins\elementor\includes\managers\elements.php:68
Stack trace:
#0 C:\xampp\htdocs\ropa\wp-content\plugins\elementor\core\base\document.php(810): Elementor\Elements_Manager->create_element_instance('Array')
#1 C:\xampp\htdocs\ropa\wp-content\plugins\astra-sites\inc\importers\batch-processing\class-astra-sites-batch-processing-elementor.php(121): Elementor\Core\Base\Document->get_elements_raw_data(Array, true)
#2 C:\xampp\htdocs\ropa\wp-content\plugins\astra-sites\inc\importers\batch-processing\class-astra-sites-batch-processing-elementor.php(66): Elementor\TemplateLibrary\Astra_Sites_Batch_Processing_Elementor->import_single_post(16)
#3 C:\xampp\htdocs\ropa\wp-content\plugins\astra-sites\inc\importers\batch-processing\helpers\class-wp-background-process-astra.php(41): Elementor\TemplateLibrary\Astra_Sites_Batch_Processing_Elementor->import()
#4 C:\xampp\htdocs\ropa\wp-content\plugins\simply-static\includes\libraries\wp-background-processing\classes\wp-background-process.php(303): WP_Background_Process_Astra->task(Object(Elementor\TemplateLibrary\Astra_Sites_Batch_Processing_Elementor))
#5 C:\xampp\htdocs\ropa\wp-content\plugins\simply-static\includes\libraries\wp-background-processing\classes\wp-background-process.php(449): WP_Background_Process->handle()
#6 C:\xampp\htdocs\ropa\wp-includes\class-wp-hook.php(287): WP_Background_Process->handle_cron_healthcheck()
#7 C:\xampp\htdocs\ropa\wp-includes\class-wp-hook.php(311): WP_Hook->apply_filters('', Array)
#8 C:\xampp\htdocs\ropa\wp-includes\plugin.php(551): WP_Hook->do_action(Array)
#9 C:\xampp\htdocs\ropa\wp-cron.php(138): do_action_ref_array('wp_image_proces...', Array)
#10 {main}
  thrown in C:\xampp\htdocs\ropa\wp-content\plugins\elementor\includes\managers\elements.php on line 68

2021-02-06T17:40:39+00:00 CRITICAL Uncaught TypeError: Elementor\Elements_Manager::create_element_instance(): Argument #1 ($element_data) must be of type array, string given, called in C:\xampp\htdocs\ropa\wp-content\plugins\elementor\core\base\document.php on line 810 and defined in C:\xampp\htdocs\ropa\wp-content\plugins\elementor\includes\managers\elements.php:68
Stack trace:
#0 C:\xampp\htdocs\ropa\wp-content\plugins\elementor\core\base\document.php(810): Elementor\Elements_Manager->create_element_instance('Array')
#1 C:\xampp\htdocs\ropa\wp-content\plugins\astra-sites\inc\importers\batch-processing\class-astra-sites-batch-processing-elementor.php(121): Elementor\Core\Base\Document->get_elements_raw_data(Array, true)
#2 C:\xampp\htdocs\ropa\wp-content\plugins\astra-sites\inc\importers\batch-processing\class-astra-sites-batch-processing-elementor.php(66): Elementor\TemplateLibrary\Astra_Sites_Batch_Processing_Elementor->import_single_post(16)
#3 C:\xampp\htdocs\ropa\wp-content\plugins\astra-sites\inc\importers\batch-processing\helpers\class-wp-background-process-astra.php(41): Elementor\TemplateLibrary\Astra_Sites_Batch_Processing_Elementor->import()
#4 C:\xampp\htdocs\ropa\wp-content\plugins\simply-static\includes\libraries\wp-background-processing\classes\wp-background-process.php(303): WP_Background_Process_Astra->task(Object(Elementor\TemplateLibrary\Astra_Sites_Batch_Processing_Elementor))
#5 C:\xampp\htdocs\ropa\wp-content\plugins\simply-static\includes\libraries\wp-background-processing\classes\wp-background-process.php(449): WP_Background_Process->handle()
#6 C:\xampp\htdocs\ropa\wp-includes\class-wp-hook.php(287): WP_Background_Process->handle_cron_healthcheck()
#7 C:\xampp\htdocs\ropa\wp-includes\class-wp-hook.php(311): WP_Hook->apply_filters('', Array)
#8 C:\xampp\htdocs\ropa\wp-includes\plugin.php(551): WP_Hook->do_action(Array)
#9 C:\xampp\htdocs\ropa\wp-cron.php(138): do_action_ref_array('wp_image_proces...', Array)
#10 {main}
  thrown in C:\xampp\htdocs\ropa\wp-content\plugins\elementor\includes\managers\elements.php on line 68

2021-02-06T17:46:42+00:00 CRITICAL Uncaught TypeError: Elementor\Elements_Manager::create_element_instance(): Argument #1 ($element_data) must be of type array, string given, called in C:\xampp\htdocs\ropa\wp-content\plugins\elementor\core\base\document.php on line 810 and defined in C:\xampp\htdocs\ropa\wp-content\plugins\elementor\includes\managers\elements.php:68
Stack trace:
#0 C:\xampp\htdocs\ropa\wp-content\plugins\elementor\core\base\document.php(810): Elementor\Elements_Manager->create_element_instance('Array')
#1 C:\xampp\htdocs\ropa\wp-content\plugins\astra-sites\inc\importers\batch-processing\class-astra-sites-batch-processing-elementor.php(121): Elementor\Core\Base\Document->get_elements_raw_data(Array, true)
#2 C:\xampp\htdocs\ropa\wp-content\plugins\astra-sites\inc\importers\batch-processing\class-astra-sites-batch-processing-elementor.php(66): Elementor\TemplateLibrary\Astra_Sites_Batch_Processing_Elementor->import_single_post(16)
#3 C:\xampp\htdocs\ropa\wp-content\plugins\astra-sites\inc\importers\batch-processing\helpers\class-wp-background-process-astra.php(41): Elementor\TemplateLibrary\Astra_Sites_Batch_Processing_Elementor->import()
#4 C:\xampp\htdocs\ropa\wp-content\plugins\simply-static\includes\libraries\wp-background-processing\classes\wp-background-process.php(303): WP_Background_Process_Astra->task(Object(Elementor\TemplateLibrary\Astra_Sites_Batch_Processing_Elementor))
#5 C:\xampp\htdocs\ropa\wp-content\plugins\simply-static\includes\libraries\wp-background-processing\classes\wp-background-process.php(449): WP_Background_Process->handle()
#6 C:\xampp\htdocs\ropa\wp-includes\class-wp-hook.php(287): WP_Background_Process->handle_cron_healthcheck()
#7 C:\xampp\htdocs\ropa\wp-includes\class-wp-hook.php(311): WP_Hook->apply_filters('', Array)
#8 C:\xampp\htdocs\ropa\wp-includes\plugin.php(551): WP_Hook->do_action(Array)
#9 C:\xampp\htdocs\ropa\wp-cron.php(138): do_action_ref_array('wp_image_proces...', Array)
#10 {main}
  thrown in C:\xampp\htdocs\ropa\wp-content\plugins\elementor\includes\managers\elements.php on line 68

2021-02-06T17:50:44+00:00 CRITICAL Uncaught TypeError: Elementor\Elements_Manager::create_element_instance(): Argument #1 ($element_data) must be of type array, string given, called in C:\xampp\htdocs\ropa\wp-content\plugins\elementor\core\base\document.php on line 810 and defined in C:\xampp\htdocs\ropa\wp-content\plugins\elementor\includes\managers\elements.php:68
Stack trace:
#0 C:\xampp\htdocs\ropa\wp-content\plugins\elementor\core\base\document.php(810): Elementor\Elements_Manager->create_element_instance('Array')
#1 C:\xampp\htdocs\ropa\wp-content\plugins\astra-sites\inc\importers\batch-processing\class-astra-sites-batch-processing-elementor.php(121): Elementor\Core\Base\Document->get_elements_raw_data(Array, true)
#2 C:\xampp\htdocs\ropa\wp-content\plugins\astra-sites\inc\importers\batch-processing\class-astra-sites-batch-processing-elementor.php(66): Elementor\TemplateLibrary\Astra_Sites_Batch_Processing_Elementor->import_single_post(16)
#3 C:\xampp\htdocs\ropa\wp-content\plugins\astra-sites\inc\importers\batch-processing\helpers\class-wp-background-process-astra.php(41): Elementor\TemplateLibrary\Astra_Sites_Batch_Processing_Elementor->import()
#4 C:\xampp\htdocs\ropa\wp-content\plugins\simply-static\includes\libraries\wp-background-processing\classes\wp-background-process.php(303): WP_Background_Process_Astra->task(Object(Elementor\TemplateLibrary\Astra_Sites_Batch_Processing_Elementor))
#5 C:\xampp\htdocs\ropa\wp-content\plugins\simply-static\includes\libraries\wp-background-processing\classes\wp-background-process.php(449): WP_Background_Process->handle()
#6 C:\xampp\htdocs\ropa\wp-includes\class-wp-hook.php(287): WP_Background_Process->handle_cron_healthcheck()
#7 C:\xampp\htdocs\ropa\wp-includes\class-wp-hook.php(311): WP_Hook->apply_filters('', Array)
#8 C:\xampp\htdocs\ropa\wp-includes\plugin.php(551): WP_Hook->do_action(Array)
#9 C:\xampp\htdocs\ropa\wp-cron.php(138): do_action_ref_array('wp_image_proces...', Array)
#10 {main}
  thrown in C:\xampp\htdocs\ropa\wp-content\plugins\elementor\includes\managers\elements.php on line 68

2021-02-06T17:56:47+00:00 CRITICAL Uncaught TypeError: Elementor\Elements_Manager::create_element_instance(): Argument #1 ($element_data) must be of type array, string given, called in C:\xampp\htdocs\ropa\wp-content\plugins\elementor\core\base\document.php on line 810 and defined in C:\xampp\htdocs\ropa\wp-content\plugins\elementor\includes\managers\elements.php:68
Stack trace:
#0 C:\xampp\htdocs\ropa\wp-content\plugins\elementor\core\base\document.php(810): Elementor\Elements_Manager->create_element_instance('Array')
#1 C:\xampp\htdocs\ropa\wp-content\plugins\astra-sites\inc\importers\batch-processing\class-astra-sites-batch-processing-elementor.php(121): Elementor\Core\Base\Document->get_elements_raw_data(Array, true)
#2 C:\xampp\htdocs\ropa\wp-content\plugins\astra-sites\inc\importers\batch-processing\class-astra-sites-batch-processing-elementor.php(66): Elementor\TemplateLibrary\Astra_Sites_Batch_Processing_Elementor->import_single_post(16)
#3 C:\xampp\htdocs\ropa\wp-content\plugins\astra-sites\inc\importers\batch-processing\helpers\class-wp-background-process-astra.php(41): Elementor\TemplateLibrary\Astra_Sites_Batch_Processing_Elementor->import()
#4 C:\xampp\htdocs\ropa\wp-content\plugins\simply-static\includes\libraries\wp-background-processing\classes\wp-background-process.php(303): WP_Background_Process_Astra->task(Object(Elementor\TemplateLibrary\Astra_Sites_Batch_Processing_Elementor))
#5 C:\xampp\htdocs\ropa\wp-content\plugins\simply-static\includes\libraries\wp-background-processing\classes\wp-background-process.php(449): WP_Background_Process->handle()
#6 C:\xampp\htdocs\ropa\wp-includes\class-wp-hook.php(287): WP_Background_Process->handle_cron_healthcheck()
#7 C:\xampp\htdocs\ropa\wp-includes\class-wp-hook.php(311): WP_Hook->apply_filters('', Array)
#8 C:\xampp\htdocs\ropa\wp-includes\plugin.php(551): WP_Hook->do_action(Array)
#9 C:\xampp\htdocs\ropa\wp-cron.php(138): do_action_ref_array('wp_image_proces...', Array)
#10 {main}
  thrown in C:\xampp\htdocs\ropa\wp-content\plugins\elementor\includes\managers\elements.php on line 68

2021-02-06T18:00:49+00:00 CRITICAL Uncaught TypeError: Elementor\Elements_Manager::create_element_instance(): Argument #1 ($element_data) must be of type array, string given, called in C:\xampp\htdocs\ropa\wp-content\plugins\elementor\core\base\document.php on line 810 and defined in C:\xampp\htdocs\ropa\wp-content\plugins\elementor\includes\managers\elements.php:68
Stack trace:
#0 C:\xampp\htdocs\ropa\wp-content\plugins\elementor\core\base\document.php(810): Elementor\Elements_Manager->create_element_instance('Array')
#1 C:\xampp\htdocs\ropa\wp-content\plugins\astra-sites\inc\importers\batch-processing\class-astra-sites-batch-processing-elementor.php(121): Elementor\Core\Base\Document->get_elements_raw_data(Array, true)
#2 C:\xampp\htdocs\ropa\wp-content\plugins\astra-sites\inc\importers\batch-processing\class-astra-sites-batch-processing-elementor.php(66): Elementor\TemplateLibrary\Astra_Sites_Batch_Processing_Elementor->import_single_post(16)
#3 C:\xampp\htdocs\ropa\wp-content\plugins\astra-sites\inc\importers\batch-processing\helpers\class-wp-background-process-astra.php(41): Elementor\TemplateLibrary\Astra_Sites_Batch_Processing_Elementor->import()
#4 C:\xampp\htdocs\ropa\wp-content\plugins\simply-static\includes\libraries\wp-background-processing\classes\wp-background-process.php(303): WP_Background_Process_Astra->task(Object(Elementor\TemplateLibrary\Astra_Sites_Batch_Processing_Elementor))
#5 C:\xampp\htdocs\ropa\wp-content\plugins\simply-static\includes\libraries\wp-background-processing\classes\wp-background-process.php(449): WP_Background_Process->handle()
#6 C:\xampp\htdocs\ropa\wp-includes\class-wp-hook.php(287): WP_Background_Process->handle_cron_healthcheck()
#7 C:\xampp\htdocs\ropa\wp-includes\class-wp-hook.php(311): WP_Hook->apply_filters('', Array)
#8 C:\xampp\htdocs\ropa\wp-includes\plugin.php(551): WP_Hook->do_action(Array)
#9 C:\xampp\htdocs\ropa\wp-cron.php(138): do_action_ref_array('wp_image_proces...', Array)
#10 {main}
  thrown in C:\xampp\htdocs\ropa\wp-content\plugins\elementor\includes\managers\elements.php on line 68

